<?xml version="1.0" encoding="UTF-8"?>
<!-- Generated by org.testng.reporters.JUnitReportReporter -->
<testsuite hostname="ATUL" failures="0" tests="2" name="TestRunner.TestRunner" time="103.372" errors="0" timestamp="2023-08-02T21:58:59 IST" skipped="0">
  <testcase classname="TestRunner.TestRunner" name="runScenario" time="70.212"/>
  <system-out/>
  <testcase classname="TestRunner.TestRunner" name="runScenario" time="33.160"/>
  <system-out/>
</testsuite> <!-- TestRunner.TestRunner -->
