<?xml version="1.0" encoding="UTF-8"?>
<!-- Generated by org.testng.reporters.JUnitReportReporter -->
<testsuite hostname="ATUL" failures="0" tests="2" name="TestRunner.TestRunner" time="57.456" errors="0" timestamp="2023-08-02T14:49:03 IST" skipped="0">
  <testcase classname="TestRunner.TestRunner" name="runScenario" time="29.761"/>
  <system-out/>
  <testcase classname="TestRunner.TestRunner" name="runScenario" time="27.695"/>
  <system-out/>
</testsuite> <!-- TestRunner.TestRunner -->
